<?xml version="1.0" encoding="UTF-8"?>
<!-- Generated by org.testng.reporters.JUnitReportReporter -->
<testsuite skipped="0" hostname="praveen-PC" name="gitpackage.Git1" tests="1" failures="0" timestamp="25 Mar 2018 13:35:27 GMT" time="0.029" errors="0">
  <testcase name="hellogit" time="0.029" classname="gitpackage.Git1"/>
</testsuite> <!-- gitpackage.Git1 -->
